Using pre-set license
Built from '2021.2/staging' branch; Version is '2021.2.7f1 (6bd9e232123f) revision 7068130'; Using compiler version '192829333'; Build Type 'Release'
OS: 'Windows 11  (10.0.22000) 64bit Education' Language: 'pt' Physical Memory: 16196 MB
BatchMode: 1, IsHumanControllingUs: 0, StartBugReporterOnCrash: 0, Is64bit: 1, IsPro: 0

COMMAND LINE ARGUMENTS:
C:\Program Files\Unity\Hub\Editor\2021.2.7f1\Editor\Unity.exe
-adb2
-batchMode
-noUpm
-name
AssetImportWorker0
-projectPath
C:/Users/Guilherme/Documents/Desenvolvimento/GameDevPro/Expert Mode/FundamentosUnity/EndlessRunner
-logFile
Logs/AssetImportWorker0.log
-srvPort
51887
Successfully changed project path to: C:/Users/Guilherme/Documents/Desenvolvimento/GameDevPro/Expert Mode/FundamentosUnity/EndlessRunner
C:/Users/Guilherme/Documents/Desenvolvimento/GameDevPro/Expert Mode/FundamentosUnity/EndlessRunner
[UnityMemory] Configuration Parameters - Can be set up in boot.config
    "memorysetup-bucket-allocator-granularity=16"
    "memorysetup-bucket-allocator-bucket-count=8"
    "memorysetup-bucket-allocator-block-size=33554432"
    "memorysetup-bucket-allocator-block-count=8"
    "memorysetup-main-allocator-block-size=16777216"
    "memorysetup-thread-allocator-block-size=16777216"
    "memorysetup-gfx-main-allocator-block-size=16777216"
    "memorysetup-gfx-thread-allocator-block-size=16777216"
    "memorysetup-cache-allocator-block-size=4194304"
    "memorysetup-typetree-allocator-block-size=2097152"
    "memorysetup-profiler-bucket-allocator-granularity=16"
    "memorysetup-profiler-bucket-allocator-bucket-count=8"
    "memorysetup-profiler-bucket-allocator-block-size=33554432"
    "memorysetup-profiler-bucket-allocator-block-count=8"
    "memorysetup-profiler-allocator-block-size=16777216"
    "memorysetup-profiler-editor-allocator-block-size=1048576"
    "memorysetup-temp-allocator-size-main=16777216"
    "memorysetup-job-temp-allocator-block-size=2097152"
    "memorysetup-job-temp-allocator-block-size-background=1048576"
    "memorysetup-job-temp-allocator-reduction-small-platforms=262144"
    "memorysetup-temp-allocator-size-background-worker=32768"
    "memorysetup-temp-allocator-size-job-worker=262144"
    "memorysetup-temp-allocator-size-preload-manager=33554432"
    "memorysetup-temp-allocator-size-nav-mesh-worker=65536"
    "memorysetup-temp-allocator-size-audio-worker=65536"
    "memorysetup-temp-allocator-size-cloud-worker=32768"
    "memorysetup-temp-allocator-size-gi-baking-worker=262144"
    "memorysetup-temp-allocator-size-gfx=262144"
Refreshing native plugins compatible for Editor in 37.53 ms, found 2 plugins.
Preloading 0 native plugins for Editor in 0.00 ms.
Initialize engine version: 2021.2.7f1 (6bd9e232123f)
[Subsystems] Discovering subsystems at path C:/Program Files/Unity/Hub/Editor/2021.2.7f1/Editor/Data/Resources/UnitySubsystems
[Subsystems] Discovering subsystems at path C:/Users/Guilherme/Documents/Desenvolvimento/GameDevPro/Expert Mode/FundamentosUnity/EndlessRunner/Assets
GfxDevice: creating device client; threaded=0; jobified=0
Direct3D:
    Version:  Direct3D 11.0 [level 11.1]
    Renderer: NVIDIA GeForce RTX 2060 (ID=0x1f11)
    Vendor:   NVIDIA
    VRAM:     5980 MB
    Driver:   30.0.14.9729
Initialize mono
Mono path[0] = 'C:/Program Files/Unity/Hub/Editor/2021.2.7f1/Editor/Data/Managed'
Mono path[1] = 'C:/Program Files/Unity/Hub/Editor/2021.2.7f1/Editor/Data/MonoBleedingEdge/lib/mono/unityjit-win32'
Mono config path = 'C:/Program Files/Unity/Hub/Editor/2021.2.7f1/Editor/Data/MonoBleedingEdge/etc'
Using monoOptions --debugger-agent=transport=dt_socket,embedding=1,server=y,suspend=n,address=127.0.0.1:56732
Begin MonoManager ReloadAssembly
Registering precompiled unity dll's ...
Register platform support module: C:/Program Files/Unity/Hub/Editor/2021.2.7f1/Editor/Data/PlaybackEngines/WebGLSupport/UnityEditor.WebGL.Extensions.dll
Register platform support module: C:/Program Files/Unity/Hub/Editor/2021.2.7f1/Editor/Data/PlaybackEngines/WindowsStandaloneSupport/UnityEditor.WindowsStandalone.Extensions.dll
Registered in 0.005648 seconds.
Native extension for WindowsStandalone target not found
Native extension for WebGL target not found
Refreshing native plugins compatible for Editor in 25.17 ms, found 2 plugins.
Preloading 0 native plugins for Editor in 0.00 ms.
Mono: successfully reloaded assembly
- Completed reload, in  0.642 seconds
Domain Reload Profiling:
	ReloadAssembly (643ms)
		BeginReloadAssembly (85ms)
			ExecutionOrderSort (0ms)
			DisableScriptedObjects (0ms)
			BackupInstance (0ms)
			ReleaseScriptingObjects (0ms)
			CreateAndSetChildDomain (1ms)
		EndReloadAssembly (468ms)
			LoadAssemblies (82ms)
			RebuildTransferFunctionScriptingTraits (0ms)
			SetupTypeCache (127ms)
			ReleaseScriptCaches (0ms)
			RebuildScriptCaches (36ms)
			SetupLoadedEditorAssemblies (251ms)
				LogAssemblyErrors (0ms)
				InitializePlatformSupportModulesInManaged (24ms)
				SetLoadedEditorAssemblies (0ms)
				RefreshPlugins (25ms)
				BeforeProcessingInitializeOnLoad (1ms)
				ProcessInitializeOnLoadAttributes (148ms)
				ProcessInitializeOnLoadMethodAttributes (52ms)
				AfterProcessingInitializeOnLoad (0ms)
				EditorAssembliesLoaded (0ms)
			ExecutionOrderSort2 (0ms)
			AwakeInstancesAfterBackupRestoration (0ms)
Platform modules already initialized, skipping
Registering precompiled user dll's ...
Registered in 0.004005 seconds.
Begin MonoManager ReloadAssembly
Native extension for WindowsStandalone target not found
Native extension for WebGL target not found
Refreshing native plugins compatible for Editor in 0.32 ms, found 2 plugins.
Preloading 0 native plugins for Editor in 0.00 ms.
Mono: successfully reloaded assembly
- Completed reload, in  0.912 seconds
Domain Reload Profiling:
	ReloadAssembly (913ms)
		BeginReloadAssembly (116ms)
			ExecutionOrderSort (0ms)
			DisableScriptedObjects (8ms)
			BackupInstance (0ms)
			ReleaseScriptingObjects (0ms)
			CreateAndSetChildDomain (24ms)
		EndReloadAssembly (699ms)
			LoadAssemblies (61ms)
			RebuildTransferFunctionScriptingTraits (0ms)
			SetupTypeCache (205ms)
			ReleaseScriptCaches (0ms)
			RebuildScriptCaches (62ms)
			SetupLoadedEditorAssemblies (327ms)
				LogAssemblyErrors (0ms)
				InitializePlatformSupportModulesInManaged (16ms)
				SetLoadedEditorAssemblies (0ms)
				RefreshPlugins (0ms)
				BeforeProcessingInitializeOnLoad (56ms)
				ProcessInitializeOnLoadAttributes (224ms)
				ProcessInitializeOnLoadMethodAttributes (25ms)
				AfterProcessingInitializeOnLoad (5ms)
				EditorAssembliesLoaded (0ms)
			ExecutionOrderSort2 (0ms)
			AwakeInstancesAfterBackupRestoration (6ms)
Platform modules already initialized, skipping
========================================================================
Worker process is ready to serve import requests
Launched and connected shader compiler UnityShaderCompiler.exe after 0.08 seconds
Refreshing native plugins compatible for Editor in 0.79 ms, found 2 plugins.
Preloading 0 native plugins for Editor in 0.00 ms.
Unloading 1536 Unused Serialized files (Serialized files now loaded: 0)
Unloading 19 unused Assets / (47.9 KB). Loaded Objects now: 2000.
Memory consumption went from 69.7 MB to 69.6 MB.
Total: 6.167600 ms (FindLiveObjects: 0.269100 ms CreateObjectMapping: 0.180500 ms MarkObjects: 5.556500 ms  DeleteObjects: 0.159600 ms)

AssetImportParameters requested are different than current active one (requested -> active):
  custom:video-decoder-ogg-theora: a1e56fd34408186e4bbccfd4996cb3dc -> 
  custom:container-muxer-webm: aa71ff27fc2769a1b78a27578f13a17b -> 
  custom:container-demuxer-webm: 4f35f7cbe854078d1ac9338744f61a02 -> 
  custom:video-encoder-webm-vp8: eb34c28f22e8b96e1ab97ce403110664 -> 
  custom:audio-encoder-webm-vorbis: bf7c407c2cedff20999df2af8eb42d56 -> 
  custom:framework-win-MediaFoundation: 216162199b28c13a410421893ffa2e32 -> 
  custom:container-demuxer-ogg: 62fdf1f143b41e24485cea50d1cbac27 -> 
  custom:video-decoder-webm-vp8: 9c59270c3fd7afecdb556c50c9e8de78 -> 
  custom:audio-decoder-ogg-vorbis: bf7c407c2cedff20999df2af8eb42d56 -> 
========================================================================
Received Import Request.
  Time since last request: 329.016980 seconds.
  path: Assets/Runtime/Scripts/Level/EndlessTrackGenerator.cs
  artifactKey: Guid(45c54c9f3b504df43bf0d827703c2df9) Importer(815301076,1909f56bfc062723c751e8b465ee728b)
Start importing Assets/Runtime/Scripts/Level/EndlessTrackGenerator.cs using Guid(45c54c9f3b504df43bf0d827703c2df9) Importer(815301076,1909f56bfc062723c751e8b465ee728b)  -> (artifact id: '9d9b576f559c276fff96039e269818a6') in 0.086773 seconds 
========================================================================
Received Prepare
Registering precompiled user dll's ...
Registered in 0.003063 seconds.
Begin MonoManager ReloadAssembly
Native extension for WindowsStandalone target not found
Native extension for WebGL target not found
Refreshing native plugins compatible for Editor in 0.39 ms, found 2 plugins.
Preloading 0 native plugins for Editor in 0.00 ms.
Mono: successfully reloaded assembly
- Completed reload, in  0.904 seconds
Domain Reload Profiling:
	ReloadAssembly (904ms)
		BeginReloadAssembly (122ms)
			ExecutionOrderSort (0ms)
			DisableScriptedObjects (6ms)
			BackupInstance (0ms)
			ReleaseScriptingObjects (0ms)
			CreateAndSetChildDomain (27ms)
		EndReloadAssembly (687ms)
			LoadAssemblies (66ms)
			RebuildTransferFunctionScriptingTraits (0ms)
			SetupTypeCache (185ms)
			ReleaseScriptCaches (1ms)
			RebuildScriptCaches (37ms)
			SetupLoadedEditorAssemblies (351ms)
				LogAssemblyErrors (0ms)
				InitializePlatformSupportModulesInManaged (15ms)
				SetLoadedEditorAssemblies (1ms)
				RefreshPlugins (1ms)
				BeforeProcessingInitializeOnLoad (58ms)
				ProcessInitializeOnLoadAttributes (238ms)
				ProcessInitializeOnLoadMethodAttributes (31ms)
				AfterProcessingInitializeOnLoad (8ms)
				EditorAssembliesLoaded (0ms)
			ExecutionOrderSort2 (0ms)
			AwakeInstancesAfterBackupRestoration (8ms)
Platform modules already initialized, skipping
Refreshing native plugins compatible for Editor in 0.30 ms, found 2 plugins.
Preloading 0 native plugins for Editor in 0.00 ms.
Unloading 1530 Unused Serialized files (Serialized files now loaded: 0)
Unloading 14 unused Assets / (24.6 KB). Loaded Objects now: 2002.
Memory consumption went from 69.5 MB to 69.5 MB.
Total: 2.367400 ms (FindLiveObjects: 0.140300 ms CreateObjectMapping: 0.058700 ms MarkObjects: 2.148300 ms  DeleteObjects: 0.019400 ms)

AssetImportParameters requested are different than current active one (requested -> active):
  custom:video-decoder-ogg-theora: a1e56fd34408186e4bbccfd4996cb3dc -> 
  custom:container-muxer-webm: aa71ff27fc2769a1b78a27578f13a17b -> 
  custom:container-demuxer-webm: 4f35f7cbe854078d1ac9338744f61a02 -> 
  custom:video-encoder-webm-vp8: eb34c28f22e8b96e1ab97ce403110664 -> 
  custom:audio-encoder-webm-vorbis: bf7c407c2cedff20999df2af8eb42d56 -> 
  custom:framework-win-MediaFoundation: 216162199b28c13a410421893ffa2e32 -> 
  custom:container-demuxer-ogg: 62fdf1f143b41e24485cea50d1cbac27 -> 
  custom:video-decoder-webm-vp8: 9c59270c3fd7afecdb556c50c9e8de78 -> 
  custom:audio-decoder-ogg-vorbis: bf7c407c2cedff20999df2af8eb42d56 -> 
========================================================================
Received Import Request.
  Time since last request: 9.225934 seconds.
  path: Assets/Runtime/Scripts/Level/TrackSegment.cs
  artifactKey: Guid(e08b51922b35f674ebfbdd6fc75103cc) Importer(815301076,1909f56bfc062723c751e8b465ee728b)
Start importing Assets/Runtime/Scripts/Level/TrackSegment.cs using Guid(e08b51922b35f674ebfbdd6fc75103cc) Importer(815301076,1909f56bfc062723c751e8b465ee728b)  -> (artifact id: '15a9beec95be18f9faf05d148290ca1b') in 0.011567 seconds 
========================================================================
Received Prepare
Registering precompiled user dll's ...
Registered in 0.004110 seconds.
Begin MonoManager ReloadAssembly
Native extension for WindowsStandalone target not found
Native extension for WebGL target not found
Refreshing native plugins compatible for Editor in 0.45 ms, found 2 plugins.
Preloading 0 native plugins for Editor in 0.00 ms.
Mono: successfully reloaded assembly
- Completed reload, in  1.093 seconds
Domain Reload Profiling:
	ReloadAssembly (1094ms)
		BeginReloadAssembly (152ms)
			ExecutionOrderSort (0ms)
			DisableScriptedObjects (8ms)
			BackupInstance (0ms)
			ReleaseScriptingObjects (0ms)
			CreateAndSetChildDomain (34ms)
		EndReloadAssembly (814ms)
			LoadAssemblies (81ms)
			RebuildTransferFunctionScriptingTraits (0ms)
			SetupTypeCache (238ms)
			ReleaseScriptCaches (1ms)
			RebuildScriptCaches (59ms)
			SetupLoadedEditorAssemblies (376ms)
				LogAssemblyErrors (0ms)
				InitializePlatformSupportModulesInManaged (18ms)
				SetLoadedEditorAssemblies (1ms)
				RefreshPlugins (1ms)
				BeforeProcessingInitializeOnLoad (58ms)
				ProcessInitializeOnLoadAttributes (261ms)
				ProcessInitializeOnLoadMethodAttributes (29ms)
				AfterProcessingInitializeOnLoad (8ms)
				EditorAssembliesLoaded (0ms)
			ExecutionOrderSort2 (0ms)
			AwakeInstancesAfterBackupRestoration (11ms)
Platform modules already initialized, skipping
Refreshing native plugins compatible for Editor in 0.32 ms, found 2 plugins.
Preloading 0 native plugins for Editor in 0.00 ms.
Unloading 1531 Unused Serialized files (Serialized files now loaded: 0)
Unloading 14 unused Assets / (24.6 KB). Loaded Objects now: 2005.
Memory consumption went from 69.5 MB to 69.5 MB.
Total: 2.303200 ms (FindLiveObjects: 0.146800 ms CreateObjectMapping: 0.057000 ms MarkObjects: 2.082500 ms  DeleteObjects: 0.016000 ms)

AssetImportParameters requested are different than current active one (requested -> active):
  custom:video-decoder-ogg-theora: a1e56fd34408186e4bbccfd4996cb3dc -> 
  custom:container-muxer-webm: aa71ff27fc2769a1b78a27578f13a17b -> 
  custom:container-demuxer-webm: 4f35f7cbe854078d1ac9338744f61a02 -> 
  custom:video-encoder-webm-vp8: eb34c28f22e8b96e1ab97ce403110664 -> 
  custom:audio-encoder-webm-vorbis: bf7c407c2cedff20999df2af8eb42d56 -> 
  custom:framework-win-MediaFoundation: 216162199b28c13a410421893ffa2e32 -> 
  custom:container-demuxer-ogg: 62fdf1f143b41e24485cea50d1cbac27 -> 
  custom:video-decoder-webm-vp8: 9c59270c3fd7afecdb556c50c9e8de78 -> 
  custom:audio-decoder-ogg-vorbis: bf7c407c2cedff20999df2af8eb42d56 -> 
========================================================================
Received Import Request.
  Time since last request: 167.335210 seconds.
  path: Assets/Runtime/Scripts/Level/EndlessTrackGenerator.cs
  artifactKey: Guid(45c54c9f3b504df43bf0d827703c2df9) Importer(815301076,1909f56bfc062723c751e8b465ee728b)
Start importing Assets/Runtime/Scripts/Level/EndlessTrackGenerator.cs using Guid(45c54c9f3b504df43bf0d827703c2df9) Importer(815301076,1909f56bfc062723c751e8b465ee728b)  -> (artifact id: '9b9f2a7c2a15c64e077d88a1d4094234') in 0.015069 seconds 
========================================================================
Received Prepare
Registering precompiled user dll's ...
Registered in 0.004562 seconds.
Begin MonoManager ReloadAssembly
Native extension for WindowsStandalone target not found
Native extension for WebGL target not found
Refreshing native plugins compatible for Editor in 0.40 ms, found 2 plugins.
Preloading 0 native plugins for Editor in 0.00 ms.
Mono: successfully reloaded assembly
- Completed reload, in  1.149 seconds
Domain Reload Profiling:
	ReloadAssembly (1150ms)
		BeginReloadAssembly (173ms)
			ExecutionOrderSort (0ms)
			DisableScriptedObjects (7ms)
			BackupInstance (0ms)
			ReleaseScriptingObjects (0ms)
			CreateAndSetChildDomain (42ms)
		EndReloadAssembly (857ms)
			LoadAssemblies (91ms)
			RebuildTransferFunctionScriptingTraits (0ms)
			SetupTypeCache (199ms)
			ReleaseScriptCaches (1ms)
			RebuildScriptCaches (48ms)
			SetupLoadedEditorAssemblies (480ms)
				LogAssemblyErrors (0ms)
				InitializePlatformSupportModulesInManaged (28ms)
				SetLoadedEditorAssemblies (1ms)
				RefreshPlugins (0ms)
				BeforeProcessingInitializeOnLoad (71ms)
				ProcessInitializeOnLoadAttributes (350ms)
				ProcessInitializeOnLoadMethodAttributes (23ms)
				AfterProcessingInitializeOnLoad (7ms)
				EditorAssembliesLoaded (0ms)
			ExecutionOrderSort2 (0ms)
			AwakeInstancesAfterBackupRestoration (8ms)
Platform modules already initialized, skipping
Refreshing native plugins compatible for Editor in 0.43 ms, found 2 plugins.
Preloading 0 native plugins for Editor in 0.00 ms.
Unloading 1531 Unused Serialized files (Serialized files now loaded: 0)
Unloading 14 unused Assets / (24.6 KB). Loaded Objects now: 2007.
Memory consumption went from 69.5 MB to 69.5 MB.
Total: 3.956300 ms (FindLiveObjects: 0.216300 ms CreateObjectMapping: 0.116900 ms MarkObjects: 3.584300 ms  DeleteObjects: 0.036200 ms)

AssetImportParameters requested are different than current active one (requested -> active):
  custom:video-decoder-ogg-theora: a1e56fd34408186e4bbccfd4996cb3dc -> 
  custom:container-muxer-webm: aa71ff27fc2769a1b78a27578f13a17b -> 
  custom:container-demuxer-webm: 4f35f7cbe854078d1ac9338744f61a02 -> 
  custom:video-encoder-webm-vp8: eb34c28f22e8b96e1ab97ce403110664 -> 
  custom:audio-encoder-webm-vorbis: bf7c407c2cedff20999df2af8eb42d56 -> 
  custom:framework-win-MediaFoundation: 216162199b28c13a410421893ffa2e32 -> 
  custom:container-demuxer-ogg: 62fdf1f143b41e24485cea50d1cbac27 -> 
  custom:video-decoder-webm-vp8: 9c59270c3fd7afecdb556c50c9e8de78 -> 
  custom:audio-decoder-ogg-vorbis: bf7c407c2cedff20999df2af8eb42d56 -> 
========================================================================
Received Import Request.
  Time since last request: 182.800832 seconds.
  path: Assets/Runtime/Prefabs/Tracks/Track_Easy_1_Roll.prefab
  artifactKey: Guid(dc6e0c1d27f2ecd45938ddbcf43509ee) Importer(815301076,1909f56bfc062723c751e8b465ee728b)
Start importing Assets/Runtime/Prefabs/Tracks/Track_Easy_1_Roll.prefab using Guid(dc6e0c1d27f2ecd45938ddbcf43509ee) Importer(815301076,1909f56bfc062723c751e8b465ee728b)  -> (artifact id: '9483f880a670c3ad1583cf460e0f4b6a') in 0.123795 seconds 
========================================================================
Received Import Request.
  Time since last request: 0.991437 seconds.
  path: Assets/Runtime/Prefabs/Tracks/Track_Easy_2_Jump.prefab
  artifactKey: Guid(3b34d432fceddbd4d810f31c9098e5f9) Importer(815301076,1909f56bfc062723c751e8b465ee728b)
Start importing Assets/Runtime/Prefabs/Tracks/Track_Easy_2_Jump.prefab using Guid(3b34d432fceddbd4d810f31c9098e5f9) Importer(815301076,1909f56bfc062723c751e8b465ee728b)  -> (artifact id: '5ba6b310585947c3bc8b003f19df4c4c') in 0.019805 seconds 
========================================================================
Received Import Request.
  Time since last request: 1.026864 seconds.
  path: Assets/Runtime/Prefabs/Tracks/Track_Easy_3_Right.prefab
  artifactKey: Guid(df7217488f9c70042aa94e95bf3d84bf) Importer(815301076,1909f56bfc062723c751e8b465ee728b)
Start importing Assets/Runtime/Prefabs/Tracks/Track_Easy_3_Right.prefab using Guid(df7217488f9c70042aa94e95bf3d84bf) Importer(815301076,1909f56bfc062723c751e8b465ee728b)  -> (artifact id: 'ddacf4d7f76191ecde3098de000799ee') in 0.018928 seconds 
========================================================================
Received Import Request.
  Time since last request: 0.482053 seconds.
  path: Assets/Runtime/Prefabs/Tracks/Track_Easy_4_LeftRight.prefab
  artifactKey: Guid(98faa98e8ebda8e4581436a4e1a17da7) Importer(815301076,1909f56bfc062723c751e8b465ee728b)
Start importing Assets/Runtime/Prefabs/Tracks/Track_Easy_4_LeftRight.prefab using Guid(98faa98e8ebda8e4581436a4e1a17da7) Importer(815301076,1909f56bfc062723c751e8b465ee728b)  -> (artifact id: '7c65cdb7c438c74962d2cbbd99b77f28') in 0.020641 seconds 
========================================================================
Received Import Request.
  Time since last request: 0.029084 seconds.
  path: Assets/Runtime/Prefabs/Tracks/Track_Easy_5_Left.prefab
  artifactKey: Guid(4c9346ca9118ede4d97ecc0609d6a00e) Importer(815301076,1909f56bfc062723c751e8b465ee728b)
Start importing Assets/Runtime/Prefabs/Tracks/Track_Easy_5_Left.prefab using Guid(4c9346ca9118ede4d97ecc0609d6a00e) Importer(815301076,1909f56bfc062723c751e8b465ee728b)  -> (artifact id: '0daa6010b7e062556fdbb5adde2d8ad8') in 0.025949 seconds 
========================================================================
Received Import Request.
  Time since last request: 0.005094 seconds.
  path: Assets/Runtime/Prefabs/Tracks/Track_Easy_6_Center.prefab
  artifactKey: Guid(edeff0bbbe9b07d468d98993b079fef4) Importer(815301076,1909f56bfc062723c751e8b465ee728b)
Start importing Assets/Runtime/Prefabs/Tracks/Track_Easy_6_Center.prefab using Guid(edeff0bbbe9b07d468d98993b079fef4) Importer(815301076,1909f56bfc062723c751e8b465ee728b)  -> (artifact id: 'a19ad5fe590e3c9fa6b5ca1f525e17f5') in 0.029333 seconds 
========================================================================
Received Import Request.
  Time since last request: 0.023318 seconds.
  path: Assets/Runtime/Prefabs/Tracks/Track_Easy_8_CenterLeft.prefab
  artifactKey: Guid(37d0be210ea18c24d813cefaf7cb6e3e) Importer(815301076,1909f56bfc062723c751e8b465ee728b)
Start importing Assets/Runtime/Prefabs/Tracks/Track_Easy_8_CenterLeft.prefab using Guid(37d0be210ea18c24d813cefaf7cb6e3e) Importer(815301076,1909f56bfc062723c751e8b465ee728b)  -> (artifact id: '59c5c576e4c37f60e3142071ba7e86fa') in 0.019326 seconds 
========================================================================
Received Import Request.
  Time since last request: 0.006341 seconds.
  path: Assets/Runtime/Prefabs/Tracks/Track_Hard_1_Roll_Jump.prefab
  artifactKey: Guid(5f88e0e7c12a972438584941d7fe130a) Importer(815301076,1909f56bfc062723c751e8b465ee728b)
Start importing Assets/Runtime/Prefabs/Tracks/Track_Hard_1_Roll_Jump.prefab using Guid(5f88e0e7c12a972438584941d7fe130a) Importer(815301076,1909f56bfc062723c751e8b465ee728b)  -> (artifact id: 'df3a025ccecfbe17af8869b3d88baca9') in 0.017345 seconds 
========================================================================
Received Import Request.
  Time since last request: 1.094838 seconds.
  path: Assets/Runtime/Prefabs/Tracks/Track_Base.prefab
  artifactKey: Guid(9d6a6e6561c480140af335e57cca6bb2) Importer(815301076,1909f56bfc062723c751e8b465ee728b)
Start importing Assets/Runtime/Prefabs/Tracks/Track_Base.prefab using Guid(9d6a6e6561c480140af335e57cca6bb2) Importer(815301076,1909f56bfc062723c751e8b465ee728b)  -> (artifact id: '1ecf2edc11af4f5bbd9c039366786623') in 0.012532 seconds 
========================================================================
Received Prepare
Registering precompiled user dll's ...
Registered in 0.004790 seconds.
Begin MonoManager ReloadAssembly
Native extension for WindowsStandalone target not found
Native extension for WebGL target not found
Refreshing native plugins compatible for Editor in 0.39 ms, found 2 plugins.
Preloading 0 native plugins for Editor in 0.00 ms.
Mono: successfully reloaded assembly
- Completed reload, in  0.850 seconds
Domain Reload Profiling:
	ReloadAssembly (851ms)
		BeginReloadAssembly (126ms)
			ExecutionOrderSort (0ms)
			DisableScriptedObjects (6ms)
			BackupInstance (0ms)
			ReleaseScriptingObjects (0ms)
			CreateAndSetChildDomain (30ms)
		EndReloadAssembly (635ms)
			LoadAssemblies (72ms)
			RebuildTransferFunctionScriptingTraits (0ms)
			SetupTypeCache (178ms)
			ReleaseScriptCaches (1ms)
			RebuildScriptCaches (34ms)
			SetupLoadedEditorAssemblies (311ms)
				LogAssemblyErrors (0ms)
				InitializePlatformSupportModulesInManaged (15ms)
				SetLoadedEditorAssemblies (1ms)
				RefreshPlugins (0ms)
				BeforeProcessingInitializeOnLoad (45ms)
				ProcessInitializeOnLoadAttributes (213ms)
				ProcessInitializeOnLoadMethodAttributes (28ms)
				AfterProcessingInitializeOnLoad (8ms)
				EditorAssembliesLoaded (0ms)
			ExecutionOrderSort2 (0ms)
			AwakeInstancesAfterBackupRestoration (7ms)
Platform modules already initialized, skipping
Refreshing native plugins compatible for Editor in 0.39 ms, found 2 plugins.
Preloading 0 native plugins for Editor in 0.00 ms.
Unloading 1531 Unused Serialized files (Serialized files now loaded: 0)
Unloading 14 unused Assets / (24.6 KB). Loaded Objects now: 2017.
Memory consumption went from 73.5 MB to 73.5 MB.
Total: 3.336800 ms (FindLiveObjects: 0.151300 ms CreateObjectMapping: 0.092300 ms MarkObjects: 3.075000 ms  DeleteObjects: 0.017100 ms)

AssetImportParameters requested are different than current active one (requested -> active):
  custom:video-decoder-ogg-theora: a1e56fd34408186e4bbccfd4996cb3dc -> 
  custom:container-muxer-webm: aa71ff27fc2769a1b78a27578f13a17b -> 
  custom:container-demuxer-webm: 4f35f7cbe854078d1ac9338744f61a02 -> 
  custom:video-encoder-webm-vp8: eb34c28f22e8b96e1ab97ce403110664 -> 
  custom:audio-encoder-webm-vorbis: bf7c407c2cedff20999df2af8eb42d56 -> 
  custom:framework-win-MediaFoundation: 216162199b28c13a410421893ffa2e32 -> 
  custom:container-demuxer-ogg: 62fdf1f143b41e24485cea50d1cbac27 -> 
  custom:video-decoder-webm-vp8: 9c59270c3fd7afecdb556c50c9e8de78 -> 
  custom:audio-decoder-ogg-vorbis: bf7c407c2cedff20999df2af8eb42d56 -> 
